<?xml version="1.0" encoding="UTF-8"?>
<testsuite xmlns:xsi="http://www.w3.org/2001/XMLSchema-instance" xsi:noNamespaceSchemaLocation="https://maven.apache.org/surefire/maven-surefire-plugin/xsd/surefire-test-report.xsd" name="br.ufscar.dc.compiladores.alguma.lexico.AppTest" time="0.118" tests="1" errors="0" skipped="0" failures="0">
  <properties>
    <property name="java.specification.version" value="17"/>
    <property name="sun.jnu.encoding" value="UTF-8"/>
    <property name="java.class.path" value="/home/chris/Área de Trabalho/compiladores_T2/alguma-lexico/target/test-classes:/home/chris/Área de Trabalho/compiladores_T2/alguma-lexico/target/classes:/home/chris/.m2/repository/junit/junit/4.11/junit-4.11.jar:/home/chris/.m2/repository/org/hamcrest/hamcrest-core/1.3/hamcrest-core-1.3.jar:/home/chris/.m2/repository/org/antlr/antlr4/4.12.0/antlr4-4.12.0-complete.jar:/home/chris/.m2/repository/org/antlr/antlr4-runtime/4.12.0/antlr4-runtime-4.12.0.jar:/home/chris/.m2/repository/org/antlr/antlr-runtime/3.5.3/antlr-runtime-3.5.3.jar:/home/chris/.m2/repository/org/antlr/ST4/4.3.4/ST4-4.3.4.jar:/home/chris/.m2/repository/org/abego/treelayout/org.abego.treelayout.core/1.0.3/org.abego.treelayout.core-1.0.3.jar:/home/chris/.m2/repository/com/ibm/icu/icu4j/71.1/icu4j-71.1.jar:"/>
    <property name="java.vm.vendor" value="Azul Systems, Inc."/>
    <property name="sun.arch.data.model" value="64"/>
    <property name="java.vendor.url" value="http://www.azul.com/"/>
    <property name="os.name" value="Linux"/>
    <property name="java.vm.specification.version" value="17"/>
    <property name="sun.java.launcher" value="SUN_STANDARD"/>
    <property name="user.country" value="BR"/>
    <property name="sun.boot.library.path" value="/home/chris/NetBeansJDKs/zulu17.50.19-ca-jdk17.0.11-linux_x64/zulu17.50.19-ca-jdk17.0.11-linux_x64/lib"/>
    <property name="sun.java.command" value="/home/chris/Área de Trabalho/compiladores_T2/alguma-lexico/target/surefire/surefirebooter4953707388203492395.jar /home/chris/Área de Trabalho/compiladores_T2/alguma-lexico/target/surefire 2024-05-26T19-29-04_427-jvmRun1 surefire9200354704616607421tmp surefire_018425198979204890713tmp"/>
    <property name="jdk.debug" value="release"/>
    <property name="surefire.test.class.path" value="/home/chris/Área de Trabalho/compiladores_T2/alguma-lexico/target/test-classes:/home/chris/Área de Trabalho/compiladores_T2/alguma-lexico/target/classes:/home/chris/.m2/repository/junit/junit/4.11/junit-4.11.jar:/home/chris/.m2/repository/org/hamcrest/hamcrest-core/1.3/hamcrest-core-1.3.jar:/home/chris/.m2/repository/org/antlr/antlr4/4.12.0/antlr4-4.12.0-complete.jar:/home/chris/.m2/repository/org/antlr/antlr4-runtime/4.12.0/antlr4-runtime-4.12.0.jar:/home/chris/.m2/repository/org/antlr/antlr-runtime/3.5.3/antlr-runtime-3.5.3.jar:/home/chris/.m2/repository/org/antlr/ST4/4.3.4/ST4-4.3.4.jar:/home/chris/.m2/repository/org/abego/treelayout/org.abego.treelayout.core/1.0.3/org.abego.treelayout.core-1.0.3.jar:/home/chris/.m2/repository/com/ibm/icu/icu4j/71.1/icu4j-71.1.jar:"/>
    <property name="sun.cpu.endian" value="little"/>
    <property name="user.home" value="/home/chris"/>
    <property name="user.language" value="pt"/>
    <property name="java.specification.vendor" value="Oracle Corporation"/>
    <property name="java.version.date" value="2024-04-16"/>
    <property name="java.home" value="/home/chris/NetBeansJDKs/zulu17.50.19-ca-jdk17.0.11-linux_x64/zulu17.50.19-ca-jdk17.0.11-linux_x64"/>
    <property name="file.separator" value="/"/>
    <property name="basedir" value="/home/chris/Área de Trabalho/compiladores_T2/alguma-lexico"/>
    <property name="java.vm.compressedOopsMode" value="32-bit"/>
    <property name="line.separator" value="&#10;"/>
    <property name="java.vm.specification.vendor" value="Oracle Corporation"/>
    <property name="java.specification.name" value="Java Platform API Specification"/>
    <property name="surefire.real.class.path" value="/home/chris/Área de Trabalho/compiladores_T2/alguma-lexico/target/surefire/surefirebooter4953707388203492395.jar"/>
    <property name="sun.management.compiler" value="HotSpot 64-Bit Tiered Compilers"/>
    <property name="java.runtime.version" value="17.0.11+9-LTS"/>
    <property name="user.name" value="chris"/>
    <property name="path.separator" value=":"/>
    <property name="os.version" value="5.15.0-91-generic"/>
    <property name="java.runtime.name" value="OpenJDK Runtime Environment"/>
    <property name="file.encoding" value="UTF-8"/>
    <property name="java.vm.name" value="OpenJDK 64-Bit Server VM"/>
    <property name="java.vendor.version" value="Zulu17.50+19-CA"/>
    <property name="maven.ext.class.path" value="/app/netbeans/java/maven-nblib/netbeans-eventspy.jar"/>
    <property name="localRepository" value="/home/chris/.m2/repository"/>
    <property name="java.vendor.url.bug" value="http://www.azul.com/support/"/>
    <property name="java.io.tmpdir" value="/tmp"/>
    <property name="java.version" value="17.0.11"/>
    <property name="user.dir" value="/home/chris/Área de Trabalho/compiladores_T2/alguma-lexico"/>
    <property name="os.arch" value="amd64"/>
    <property name="java.vm.specification.name" value="Java Virtual Machine Specification"/>
    <property name="native.encoding" value="UTF-8"/>
    <property name="java.library.path" value=":/usr/java/packages/lib:/usr/lib64:/lib64:/lib:/usr/lib"/>
    <property name="java.vm.info" value="mixed mode, sharing"/>
    <property name="java.vendor" value="Azul Systems, Inc."/>
    <property name="java.vm.version" value="17.0.11+9-LTS"/>
    <property name="sun.io.unicode.encoding" value="UnicodeLittle"/>
    <property name="java.class.version" value="61.0"/>
  </properties>
  <testcase name="shouldAnswerWithTrue" classname="br.ufscar.dc.compiladores.alguma.lexico.AppTest" time="0.007"/>
</testsuite>